[anisholi50.wixsite.com/anish-oli.html]
[static.parastorage.com/unpkg/core-js-bundle@3.2.1/minified.js]
[static.parastorage.com/unpkg/focus-within-polyfill@5.0.9/dist/focus-within-polyfill.js]
[polyfill.io/v3/polyfill.mind82c.js]
[browser.sentry-cdn.com/6.18.2/bundle.min.js]
[anisholi50.wixsite.com/decodeURIComponent(e]
[backblue.gif]
[fade.gif]
[index.html]
[anisholi50.wixsite.com/sitemap.xml]
[anisholi50.wixsite.com/feed.xml]
[anisholi50.wixsite.com/index.html]
[static.parastorage.com/services/wix-thunderbolt/dist/thunderbolt-commons.9c28ce51.bundle.min.js]
[static.parastorage.com/services/wix-thunderbolt/dist/main.ce16b4b6.bundle.min.js]
[static.parastorage.com/unpkg/lodash@4.17.21/lodash.min.js]
[static.parastorage.com/unpkg/react@16.14.0/umd/react.production.min.js]
[static.parastorage.com/services/tag-manager-client/1.705.0/siteTags.bundle.min.js]
[static.parastorage.com/services/wix-perf-measure/1.1058.0/wix-perf-measure.umd.min.js]
[static.parastorage.com/unpkg/react-dom@16.14.0/umd/react-dom.production.min.js]
[static.parastorage.com/services/editor-elements-library/dist/thunderbolt/media/sloppyframe.d2412ec4.png]
[static.wixstatic.com/media/5bdaf0_6051d891f80643c588cd35a2fc21c60b_mv2.png/v1/fill/w_60,h_60,al_c,q_85,usm_0.66_1.00_0.01,enc_auto/square_edited.png]
[anisholi50.wixsite.com/anish-oli/blank-1.html]
[anisholi50.wixsite.com/anish-oli/blank-2.html]
[anisholi50.wixsite.com/anish-oli/blank-3.html]
[anisholi50.wixsite.com/anish-oli/blank-4.html]
[anisholi50.wixsite.com/anish-oli/blank-5.html]
[anisholi50.wixsite.com/anish-oli/category/all-products.html]
[static.wixstatic.com/media/11062b_db733592b0a247b1bb8df3403a8b9a89_mv2.jpeg/v1/fill/w_147,h_98,al_c,q_80,usm_0.66_1.00_0.01,blur_2,enc_auto/11062b_db733592b0a247b1bb8df3403a8b9a89_mv2.jpg]
[anisholi50.wixsite.com/anish-oli/cart-page.html]
[static.wixstatic.com/media/11062b_9e86eb5dab0a459db198c8f158af8917_mv2.jpeg/v1/fill/w_123,h_82,al_c,q_80,usm_0.66_1.00_0.01,blur_2,enc_auto/11062b_9e86eb5dab0a459db198c8f158af8917_mv2.jpg]
[static.wixstatic.com/media/66fee8a454db45da80954468736f02c5.jpg/v1/fill/w_82,h_54,al_c,q_80,usm_0.66_1.00_0.01,blur_2,enc_auto/66fee8a454db45da80954468736f02c5.jpg]
[static.wixstatic.com/media/11062b_26a5439bd86648c0b3e1836fc11a9052_mv2.jpg/v1/fill/w_82,h_55,al_c,q_80,usm_0.66_1.00_0.01,blur_2,enc_auto/11062b_26a5439bd86648c0b3e1836fc11a9052_mv2.jpg]
[static.wixstatic.com/media/8846dbf6653b4acfa8c5d099dd9336cc.jpg/v1/fill/w_82,h_54,al_c,q_80,usm_0.66_1.00_0.01,blur_2,enc_auto/8846dbf6653b4acfa8c5d099dd9336cc.jpg]
[anisholi50.wixsite.com/_https_/images-vod.wixmp.com/d0220cbc-4355-4bc0-8ebe-53e9ab8843ba/images/19562cc5f5874d7693c4fad0af46db12_mv2/v1/fill/w_940,h_529,q_85,usm_0.66_1.00_0.01/file.jpg_]
[anisholi50.wixsite.com/_https_/images-vod.wixmp.com/d0220cbc-4355-4bc0-8ebe-53e9ab8843ba/images/c379a7f4f6984160812510e934ae94e5_mv2/v1/fill/w_307,h_173,q_85,usm_0.66_1.00_0.01/file.jpg_]
[anisholi50.wixsite.com/_https_/images-vod.wixmp.com/d0220cbc-4355-4bc0-8ebe-53e9ab8843ba/images/3f06dfa2780e4a7c9c482173aa5fc3d2_mv2/v1/fill/w_307,h_173,q_85,usm_0.66_1.00_0.01/file.jpg_]
[anisholi50.wixsite.com/_https_/images-vod.wixmp.com/d0220cbc-4355-4bc0-8ebe-53e9ab8843ba/images/29ef74e2f66a484d98e30a79bd0edf8e_mv2/v1/fill/w_307,h_173,q_85,usm_0.66_1.00_0.01/file.jpg_]
[anisholi50.wixsite.com/anish-oli.html]
[anisholi50.wixsite.com/decodeURIComponent(e.html]
[anisholi50.wixsite.com/sitemap.html]
[anisholi50.wixsite.com/feed.html]
[anisholi50.wixsite.com/index.html]
[anisholi50.wixsite.com/anish-oli/decodeURIComponent(e]
[anisholi50.wixsite.com/anish-oli7907.html]
[anisholi50.wixsite.com/anish-oli/robots.txt]
[anisholi50.wixsite.com/anish-oli/sitemap.xml]
[anisholi50.wixsite.com/anish-oli/feed.xml]
[static.wixstatic.com/media/8846dbf6653b4acfa8c5d099dd9336cc.jpg/v1/fill/w_122,h_82,al_c,q_80,usm_0.66_1.00_0.01,blur_2,enc_auto/8846dbf6653b4acfa8c5d099dd9336cc.jpg]
[anisholi50.wixsite.com/anish-oli/blank-1.html]
[anisholi50.wixsite.com/anish-oli/blank-2.html]
[anisholi50.wixsite.com/anish-oli/blank-3.html]
[static.wixstatic.com/media/11062b_db733592b0a247b1bb8df3403a8b9a89_mv2.jpeg/v1/fill/w_4,h_3,al_c,q_80,usm_0.66_1.00_0.01,blur_3,enc_auto/11062b_db733592b0a247b1bb8df3403a8b9a89_mv2.jpg]
[static.wixstatic.com/media/11062b_9e86eb5dab0a459db198c8f158af8917_mv2.jpeg/v1/fill/w_4,h_3,al_c,q_80,usm_0.66_1.00_0.01,blur_3,enc_auto/11062b_9e86eb5dab0a459db198c8f158af8917_mv2.jpg]
[static.wixstatic.com/media/11062b_9e5e3b58af264aa59d66a2e56185d498_mv2.jpg/v1/fill/w_4,h_3,al_c,q_80,usm_0.66_1.00_0.01,blur_3,enc_auto/11062b_9e5e3b58af264aa59d66a2e56185d498_mv2.jpg]
[anisholi50.wixsite.com/anish-oli/blank-4.html]
[anisholi50.wixsite.com/anish-oli/blank-5.html]
[anisholi50.wixsite.com/anish-oli/category/decodeURIComponent(e.html]
[anisholi50.wixsite.com/anish-oli/category/sitemap.xml]
[anisholi50.wixsite.com/anish-oli/category/robots.html]
[anisholi50.wixsite.com/anish-oli/category/feed.xml]
[anisholi50.wixsite.com/anish-oli/product-page/i-m-a-product.html]
[static.wixstatic.com/media/3c76e2_bf235c38610f4d2a905db71095b351cf_mv2.jpg/v1/fill/w_147,h_147,al_c,q_80,usm_0.66_1.00_0.01,blur_2,enc_auto/3c76e2_bf235c38610f4d2a905db71095b351cf_mv2.jpg]
[static.wixstatic.com/media/3c76e2_f2d88894bda246979ba21e699878a3fa_mv2.jpg/v1/fill/w_147,h_147,al_c,q_80,usm_0.66_1.00_0.01,blur_2,enc_auto/3c76e2_f2d88894bda246979ba21e699878a3fa_mv2.jpg]
[static.wixstatic.com/media/3c76e2_07655ae4c328480483afe8f1d58a683a_mv2.jpg/v1/fill/w_147,h_147,al_c,q_80,usm_0.66_1.00_0.01,blur_2,enc_auto/3c76e2_07655ae4c328480483afe8f1d58a683a_mv2.jpg]
[anisholi50.wixsite.com/anish-oli/product-page/i-m-a-product-1.html]
[static.wixstatic.com/media/3c76e2_c00eb7bd3c954d559bb4dc56a7bcca13_mv2.jpg/v1/fill/w_147,h_147,al_c,q_80,usm_0.66_1.00_0.01,blur_2,enc_auto/3c76e2_c00eb7bd3c954d559bb4dc56a7bcca13_mv2.jpg]
[anisholi50.wixsite.com/anish-oli/product-page/i-m-a-product-2.html]
[static.wixstatic.com/media/3c76e2_c5331f937348492a97df87b0a3b34ea4_mv2.jpg/v1/fill/w_147,h_147,al_c,q_80,usm_0.66_1.00_0.01,blur_2,enc_auto/3c76e2_c5331f937348492a97df87b0a3b34ea4_mv2.jpg]
[static.wixstatic.com/media/3c76e2_2549a2b408fd44058871ff519aa5df40_mv2.jpg/v1/fill/w_147,h_147,al_c,q_80,usm_0.66_1.00_0.01,blur_2,enc_auto/3c76e2_2549a2b408fd44058871ff519aa5df40_mv2.jpg]
[static.wixstatic.com/media/3c76e2_8891bbe3372a428aac976ac59aa0ac74_mv2.jpg/v1/fill/w_147,h_147,al_c,q_80,usm_0.66_1.00_0.01,blur_2,enc_auto/3c76e2_8891bbe3372a428aac976ac59aa0ac74_mv2.jpg]
[static.wixstatic.com/media/3c76e2_8afdb3a3b2e34ab79edb19c5d6107488_mv2.jpg/v1/fill/w_147,h_147,al_c,q_80,usm_0.66_1.00_0.01,blur_2,enc_auto/3c76e2_8afdb3a3b2e34ab79edb19c5d6107488_mv2.jpg]
[anisholi50.wixsite.com/anish-oli/product-page/i-m-a-product-3.html]
[static.wixstatic.com/media/3c76e2_5062e9cc9b3f45dd84ec9bc9dcedde63_mv2.jpg/v1/fill/w_147,h_147,al_c,q_80,usm_0.66_1.00_0.01,blur_2,enc_auto/3c76e2_5062e9cc9b3f45dd84ec9bc9dcedde63_mv2.jpg]
[anisholi50.wixsite.com/anish-oli/product-page/i-m-a-product-4.html]
[static.wixstatic.com/media/3c76e2_dde6882210a84157a7610c9f02ef0573_mv2.jpg/v1/fill/w_147,h_147,al_c,q_80,usm_0.66_1.00_0.01,blur_2,enc_auto/3c76e2_dde6882210a84157a7610c9f02ef0573_mv2.jpg]
[anisholi50.wixsite.com/anish-oli/product-page/i-m-a-product-5.html]
[static.wixstatic.com/media/3c76e2_d494d08708f0431fb862a280c4ee3935_mv2.jpg/v1/fill/w_147,h_147,al_c,q_80,usm_0.66_1.00_0.01,blur_2,enc_auto/3c76e2_d494d08708f0431fb862a280c4ee3935_mv2.jpg]
[static.wixstatic.com/media/3c76e2_a5cfebe621ab4133bc3e8c313bdbbd5c_mv2.jpg/v1/fill/w_147,h_147,al_c,q_80,usm_0.66_1.00_0.01,blur_2,enc_auto/3c76e2_a5cfebe621ab4133bc3e8c313bdbbd5c_mv2.jpg]
[static.wixstatic.com/media/3c76e2_00ba7d40897b4f98b006b256fb7ffca0_mv2.jpg/v1/fill/w_147,h_147,al_c,q_80,usm_0.66_1.00_0.01,blur_2,enc_auto/3c76e2_00ba7d40897b4f98b006b256fb7ffca0_mv2.jpg]
[anisholi50.wixsite.com/anish-oli/product-page/i-m-a-product-6.html]
[static.wixstatic.com/media/3c76e2_f55abc1b53484064bbfd4a12ca7d92a0_mv2.jpg/v1/fill/w_147,h_147,al_c,q_80,usm_0.66_1.00_0.01,blur_2,enc_auto/3c76e2_f55abc1b53484064bbfd4a12ca7d92a0_mv2.jpg]
[static.wixstatic.com/media/3c76e2_03506c3f2bfc45f3b7f7dc24d6f89519_mv2.jpg/v1/fill/w_147,h_147,al_c,q_80,usm_0.66_1.00_0.01,blur_2,enc_auto/3c76e2_03506c3f2bfc45f3b7f7dc24d6f89519_mv2.jpg]
[anisholi50.wixsite.com/anish-oli/product-page/i-m-a-product-7.html]
[static.wixstatic.com/media/3c76e2_27cba7c9d61e41638bde5769869e61a2_mv2.jpg/v1/fill/w_147,h_147,al_c,q_80,usm_0.66_1.00_0.01,blur_2,enc_auto/3c76e2_27cba7c9d61e41638bde5769869e61a2_mv2.jpg]
[static.wixstatic.com/media/3c76e2_d562073ad7664802af1eba3b1ee04319_mv2.jpg/v1/fill/w_147,h_147,al_c,q_80,usm_0.66_1.00_0.01,blur_2,enc_auto/3c76e2_d562073ad7664802af1eba3b1ee04319_mv2.jpg]
[anisholi50.wixsite.com/anish-oli/product-page/i-m-a-product-8.html]
[static.wixstatic.com/media/3c76e2_e8498de77aaf451fbc79a0206b4e30c0_mv2.jpg/v1/fill/w_147,h_147,al_c,q_80,usm_0.66_1.00_0.01,blur_2,enc_auto/3c76e2_e8498de77aaf451fbc79a0206b4e30c0_mv2.jpg]
[static.wixstatic.com/media/3c76e2_353bb5a3f3c1477dbb738c915538ccc4_mv2.jpg/v1/fill/w_147,h_147,al_c,q_80,usm_0.66_1.00_0.01,blur_2,enc_auto/3c76e2_353bb5a3f3c1477dbb738c915538ccc4_mv2.jpg]
[anisholi50.wixsite.com/anish-oli/product-page/i-m-a-product-9.html]
[static.wixstatic.com/media/3c76e2_1472f3e926b246c9b72287ba37d441f2_mv2.jpg/v1/fill/w_147,h_147,al_c,q_80,usm_0.66_1.00_0.01,blur_2,enc_auto/3c76e2_1472f3e926b246c9b72287ba37d441f2_mv2.jpg]
[static.wixstatic.com/media/3c76e2_a8b6824436a440cf8efdac5a04f2198b_mv2.jpg/v1/fill/w_147,h_147,al_c,q_80,usm_0.66_1.00_0.01,blur_2,enc_auto/3c76e2_a8b6824436a440cf8efdac5a04f2198b_mv2.jpg]
[anisholi50.wixsite.com/anish-oli/product-page/i-m-a-product-10.html]
[static.wixstatic.com/media/3c76e2_46585c7ac5ee4a3a863358a74acaf444_mv2.jpg/v1/fill/w_147,h_147,al_c,q_80,usm_0.66_1.00_0.01,blur_2,enc_auto/3c76e2_46585c7ac5ee4a3a863358a74acaf444_mv2.jpg]
[static.wixstatic.com/media/3c76e2_e27562bc6b104ce384f64131930783cd_mv2.jpg/v1/fill/w_147,h_147,al_c,q_80,usm_0.66_1.00_0.01,blur_2,enc_auto/3c76e2_e27562bc6b104ce384f64131930783cd_mv2.jpg]
[anisholi50.wixsite.com/anish-oli/product-page/i-m-a-product-11.html]
[static.wixstatic.com/media/3c76e2_e0a383b54c6a44c9ab9930a22ec33f07_mv2.jpg/v1/fill/w_147,h_147,al_c,q_80,usm_0.66_1.00_0.01,blur_2,enc_auto/3c76e2_e0a383b54c6a44c9ab9930a22ec33f07_mv2.jpg]
[anisholi50.wixsite.com/anish-oli/category/all-products.html]
[static.parastorage.com/services/wix-thunderbolt/dist/ab-test-compilation/thunderbolt-commons.c358a6aa.bundle.min.js]
[anisholi50.wixsite.com/anish-oli/cart-page.html]
[anisholi50.wixsite.com/_https_/images-vod.wixmp.com/d0220cbc-4355-4bc0-8ebe-53e9ab8843ba/images/19562cc5f5874d7693c4fad0af46db12_mv2/v1/fill/w_940,h_529,q_85,usm_0.66_1.00_0.01/file.html]
[static.parastorage.com/services/wix-thunderbolt/dist/ab-test-compilation/main.0ae44ec8.bundle.min.js]
[anisholi50.wixsite.com/_https_/images-vod.wixmp.com/d0220cbc-4355-4bc0-8ebe-53e9ab8843ba/images/c379a7f4f6984160812510e934ae94e5_mv2/v1/fill/w_940,h_529,q_85,usm_0.66_1.00_0.01/file.jpg_]
[anisholi50.wixsite.com/anish-oli7907.html]
[anisholi50.wixsite.com/_https_/images-vod.wixmp.com/d0220cbc-4355-4bc0-8ebe-53e9ab8843ba/images/c379a7f4f6984160812510e934ae94e5_mv2/v1/fill/w_307,h_173,q_85,usm_0.66_1.00_0.01/file.html]
[anisholi50.wixsite.com/_https_/images-vod.wixmp.com/d0220cbc-4355-4bc0-8ebe-53e9ab8843ba/images/3f06dfa2780e4a7c9c482173aa5fc3d2_mv2/v1/fill/w_307,h_173,q_85,usm_0.66_1.00_0.01/file.html]
[anisholi50.wixsite.com/_https_/images-vod.wixmp.com/d0220cbc-4355-4bc0-8ebe-53e9ab8843ba/images/29ef74e2f66a484d98e30a79bd0edf8e_mv2/v1/fill/w_307,h_173,q_85,usm_0.66_1.00_0.01/file.html]
[anisholi50.wixsite.com/anish-oli/decodeURIComponent(e.html]
[anisholi50.wixsite.com/anish-oli/robots.html]
[anisholi50.wixsite.com/anish-oli/feed.html]
[anisholi50.wixsite.com/anish-oli/category/decodeURIComponent(e.html]
[anisholi50.wixsite.com/anish-oli/category/robots.html]
[anisholi50.wixsite.com/anish-oli/category/sitemap.html]
[anisholi50.wixsite.com/anish-oli/category/feed.html]
[static.wixstatic.com/media/035244_516142e5fd21466aaf92b39e0883e66f_mv2.png/v1/crop/x_26,y_16,w_346,h_239/fill/w_339,h_235,al_c,q_85,usm_0.66_1.00_0.01,enc_au/035244_516142e5fd21466aaf92b39e0883e66f_mv2.55.delay]
[anisholi50.wixsite.com/anish-oli/product-page/decodeURIComponent(e.html]
[anisholi50.wixsite.com/anish-oli/product-page/sitemap.xml]
[anisholi50.wixsite.com/anish-oli/product-page/feed.xml]
[anisholi50.wixsite.com/anish-oli/product-page/robots.html]
[static.wixstatic.com/media/3c76e2_bf235c38610f4d2a905db71095b351cf_mv2.jpg/v1/fill/w_996,h_996,al_c,q_85,usm_0.66_1.00_0.01/3c76e2_bf235c38610f4d2a905db71095b351cf_mv2.jpg]
[static.wixstatic.com/media/3c76e2_bf235c38610f4d2a905db71095b351cf_mv2.jpg/v1/fill/w_498,h_498,al_c,q_50,usm_0.66_1.00_0.01/3c76e2_bf235c38610f4d2a905db71095b351cf_mv2.jpg]
[anisholi50.wixsite.com/anish-oli/blank.html]
[static.wixstatic.com/media/3c76e2_f2d88894bda246979ba21e699878a3fa_mv2.jpg/v1/fill/w_996,h_996,al_c,q_85,usm_0.66_1.00_0.01/3c76e2_f2d88894bda246979ba21e699878a3fa_mv2.jpg]
[static.wixstatic.com/media/3c76e2_bf235c38610f4d2a905db71095b351cf_mv2.jpg/v1/fill/w_45,h_45,al_c,q_50,usm_0.66_1.00_0.01/3c76e2_bf235c38610f4d2a905db71095b351cf_mv2.jpg]
[static.wixstatic.com/media/3c76e2_f2d88894bda246979ba21e699878a3fa_mv2.jpg/v1/fill/w_45,h_45,al_c,q_50,usm_0.66_1.00_0.01/3c76e2_f2d88894bda246979ba21e699878a3fa_mv2.jpg]
[anisholi50.wixsite.com/anish-oli/product-page/i-m-a-product.html]
[static.wixstatic.com/media/3c76e2_07655ae4c328480483afe8f1d58a683a_mv2.jpg/v1/fill/w_996,h_996,al_c,q_85,usm_0.66_1.00_0.01/3c76e2_07655ae4c328480483afe8f1d58a683a_mv2.jpg]
[static.wixstatic.com/media/3c76e2_07655ae4c328480483afe8f1d58a683a_mv2.jpg/v1/fill/w_498,h_498,al_c,q_50,usm_0.66_1.00_0.01/3c76e2_07655ae4c328480483afe8f1d58a683a_mv2.jpg]
[static.wixstatic.com/media/3c76e2_c00eb7bd3c954d559bb4dc56a7bcca13_mv2.jpg/v1/fill/w_996,h_996,al_c,q_85,usm_0.66_1.00_0.01/3c76e2_c00eb7bd3c954d559bb4dc56a7bcca13_mv2.jpg]
[static.wixstatic.com/media/3c76e2_07655ae4c328480483afe8f1d58a683a_mv2.jpg/v1/fill/w_45,h_45,al_c,q_50,usm_0.66_1.00_0.01/3c76e2_07655ae4c328480483afe8f1d58a683a_mv2.jpg]
[static.wixstatic.com/media/3c76e2_c00eb7bd3c954d559bb4dc56a7bcca13_mv2.jpg/v1/fill/w_45,h_45,al_c,q_50,usm_0.66_1.00_0.01/3c76e2_c00eb7bd3c954d559bb4dc56a7bcca13_mv2.jpg]
[anisholi50.wixsite.com/anish-oli/product-page/i-m-a-product-1.html]
[static.wixstatic.com/media/3c76e2_c5331f937348492a97df87b0a3b34ea4_mv2.jpg/v1/fill/w_996,h_996,al_c,q_85,usm_0.66_1.00_0.01/3c76e2_c5331f937348492a97df87b0a3b34ea4_mv2.jpg]
[static.wixstatic.com/media/3c76e2_c5331f937348492a97df87b0a3b34ea4_mv2.jpg/v1/fill/w_498,h_498,al_c,q_50,usm_0.66_1.00_0.01/3c76e2_c5331f937348492a97df87b0a3b34ea4_mv2.jpg]
[static.wixstatic.com/media/3c76e2_2549a2b408fd44058871ff519aa5df40_mv2.jpg/v1/fill/w_996,h_996,al_c,q_85,usm_0.66_1.00_0.01/3c76e2_2549a2b408fd44058871ff519aa5df40_mv2.jpg]
[static.wixstatic.com/media/3c76e2_c5331f937348492a97df87b0a3b34ea4_mv2.jpg/v1/fill/w_45,h_45,al_c,q_50,usm_0.66_1.00_0.01/3c76e2_c5331f937348492a97df87b0a3b34ea4_mv2.jpg]
[static.wixstatic.com/media/3c76e2_2549a2b408fd44058871ff519aa5df40_mv2.jpg/v1/fill/w_45,h_45,al_c,q_50,usm_0.66_1.00_0.01/3c76e2_2549a2b408fd44058871ff519aa5df40_mv2.jpg]
[anisholi50.wixsite.com/anish-oli/product-page/i-m-a-product-2.html]
[static.wixstatic.com/media/3c76e2_8891bbe3372a428aac976ac59aa0ac74_mv2.jpg/v1/fill/w_996,h_996,al_c,q_85,usm_0.66_1.00_0.01/3c76e2_8891bbe3372a428aac976ac59aa0ac74_mv2.jpg]
[static.wixstatic.com/media/3c76e2_8891bbe3372a428aac976ac59aa0ac74_mv2.jpg/v1/fill/w_498,h_498,al_c,q_50,usm_0.66_1.00_0.01/3c76e2_8891bbe3372a428aac976ac59aa0ac74_mv2.jpg]
[static.wixstatic.com/media/3c76e2_8afdb3a3b2e34ab79edb19c5d6107488_mv2.jpg/v1/fill/w_996,h_996,al_c,q_85,usm_0.66_1.00_0.01/3c76e2_8afdb3a3b2e34ab79edb19c5d6107488_mv2.jpg]
[static.wixstatic.com/media/3c76e2_8891bbe3372a428aac976ac59aa0ac74_mv2.jpg/v1/fill/w_45,h_45,al_c,q_50,usm_0.66_1.00_0.01/3c76e2_8891bbe3372a428aac976ac59aa0ac74_mv2.jpg]
[static.wixstatic.com/media/3c76e2_8afdb3a3b2e34ab79edb19c5d6107488_mv2.jpg/v1/fill/w_45,h_45,al_c,q_50,usm_0.66_1.00_0.01/3c76e2_8afdb3a3b2e34ab79edb19c5d6107488_mv2.jpg]
[anisholi50.wixsite.com/anish-oli/product-page/i-m-a-product-3.html]
[static.wixstatic.com/media/3c76e2_5062e9cc9b3f45dd84ec9bc9dcedde63_mv2.jpg/v1/fill/w_996,h_996,al_c,q_85,usm_0.66_1.00_0.01/3c76e2_5062e9cc9b3f45dd84ec9bc9dcedde63_mv2.jpg]
[static.wixstatic.com/media/3c76e2_5062e9cc9b3f45dd84ec9bc9dcedde63_mv2.jpg/v1/fill/w_498,h_498,al_c,q_50,usm_0.66_1.00_0.01/3c76e2_5062e9cc9b3f45dd84ec9bc9dcedde63_mv2.jpg]
[static.wixstatic.com/media/3c76e2_dde6882210a84157a7610c9f02ef0573_mv2.jpg/v1/fill/w_996,h_996,al_c,q_85,usm_0.66_1.00_0.01/3c76e2_dde6882210a84157a7610c9f02ef0573_mv2.jpg]
[static.wixstatic.com/media/3c76e2_5062e9cc9b3f45dd84ec9bc9dcedde63_mv2.jpg/v1/fill/w_45,h_45,al_c,q_50,usm_0.66_1.00_0.01/3c76e2_5062e9cc9b3f45dd84ec9bc9dcedde63_mv2.jpg]
[static.wixstatic.com/media/3c76e2_dde6882210a84157a7610c9f02ef0573_mv2.jpg/v1/fill/w_45,h_45,al_c,q_50,usm_0.66_1.00_0.01/3c76e2_dde6882210a84157a7610c9f02ef0573_mv2.jpg]
[anisholi50.wixsite.com/anish-oli/product-page/i-m-a-product-4.html]
[static.wixstatic.com/media/3c76e2_d494d08708f0431fb862a280c4ee3935_mv2.jpg/v1/fill/w_996,h_996,al_c,q_85,usm_0.66_1.00_0.01/3c76e2_d494d08708f0431fb862a280c4ee3935_mv2.jpg]
[static.wixstatic.com/media/3c76e2_d494d08708f0431fb862a280c4ee3935_mv2.jpg/v1/fill/w_498,h_498,al_c,q_50,usm_0.66_1.00_0.01/3c76e2_d494d08708f0431fb862a280c4ee3935_mv2.jpg]
[static.wixstatic.com/media/3c76e2_a5cfebe621ab4133bc3e8c313bdbbd5c_mv2.jpg/v1/fill/w_996,h_996,al_c,q_85,usm_0.66_1.00_0.01/3c76e2_a5cfebe621ab4133bc3e8c313bdbbd5c_mv2.jpg]
[static.wixstatic.com/media/3c76e2_d494d08708f0431fb862a280c4ee3935_mv2.jpg/v1/fill/w_45,h_45,al_c,q_50,usm_0.66_1.00_0.01/3c76e2_d494d08708f0431fb862a280c4ee3935_mv2.jpg]
[static.wixstatic.com/media/3c76e2_a5cfebe621ab4133bc3e8c313bdbbd5c_mv2.jpg/v1/fill/w_45,h_45,al_c,q_50,usm_0.66_1.00_0.01/3c76e2_a5cfebe621ab4133bc3e8c313bdbbd5c_mv2.jpg]
[anisholi50.wixsite.com/anish-oli/product-page/i-m-a-product-5.html]
[static.wixstatic.com/media/3c76e2_00ba7d40897b4f98b006b256fb7ffca0_mv2.jpg/v1/fill/w_996,h_996,al_c,q_85,usm_0.66_1.00_0.01/3c76e2_00ba7d40897b4f98b006b256fb7ffca0_mv2.jpg]
[static.wixstatic.com/media/3c76e2_00ba7d40897b4f98b006b256fb7ffca0_mv2.jpg/v1/fill/w_498,h_498,al_c,q_50,usm_0.66_1.00_0.01/3c76e2_00ba7d40897b4f98b006b256fb7ffca0_mv2.jpg]
[static.wixstatic.com/media/3c76e2_f55abc1b53484064bbfd4a12ca7d92a0_mv2.jpg/v1/fill/w_996,h_996,al_c,q_85,usm_0.66_1.00_0.01/3c76e2_f55abc1b53484064bbfd4a12ca7d92a0_mv2.jpg]
[static.wixstatic.com/media/3c76e2_00ba7d40897b4f98b006b256fb7ffca0_mv2.jpg/v1/fill/w_45,h_45,al_c,q_50,usm_0.66_1.00_0.01/3c76e2_00ba7d40897b4f98b006b256fb7ffca0_mv2.jpg]
[static.wixstatic.com/media/3c76e2_f55abc1b53484064bbfd4a12ca7d92a0_mv2.jpg/v1/fill/w_45,h_45,al_c,q_50,usm_0.66_1.00_0.01/3c76e2_f55abc1b53484064bbfd4a12ca7d92a0_mv2.jpg]
[anisholi50.wixsite.com/anish-oli/product-page/i-m-a-product-6.html]
[static.wixstatic.com/media/3c76e2_03506c3f2bfc45f3b7f7dc24d6f89519_mv2.jpg/v1/fill/w_996,h_996,al_c,q_85,usm_0.66_1.00_0.01/3c76e2_03506c3f2bfc45f3b7f7dc24d6f89519_mv2.jpg]
[static.wixstatic.com/media/3c76e2_03506c3f2bfc45f3b7f7dc24d6f89519_mv2.jpg/v1/fill/w_498,h_498,al_c,q_50,usm_0.66_1.00_0.01/3c76e2_03506c3f2bfc45f3b7f7dc24d6f89519_mv2.jpg]
[static.wixstatic.com/media/3c76e2_27cba7c9d61e41638bde5769869e61a2_mv2.jpg/v1/fill/w_996,h_996,al_c,q_85,usm_0.66_1.00_0.01/3c76e2_27cba7c9d61e41638bde5769869e61a2_mv2.jpg]
[static.wixstatic.com/media/3c76e2_03506c3f2bfc45f3b7f7dc24d6f89519_mv2.jpg/v1/fill/w_45,h_45,al_c,q_50,usm_0.66_1.00_0.01/3c76e2_03506c3f2bfc45f3b7f7dc24d6f89519_mv2.jpg]
[static.wixstatic.com/media/3c76e2_27cba7c9d61e41638bde5769869e61a2_mv2.jpg/v1/fill/w_45,h_45,al_c,q_50,usm_0.66_1.00_0.01/3c76e2_27cba7c9d61e41638bde5769869e61a2_mv2.jpg]
[anisholi50.wixsite.com/anish-oli/product-page/i-m-a-product-7.html]
[static.wixstatic.com/media/3c76e2_d562073ad7664802af1eba3b1ee04319_mv2.jpg/v1/fill/w_996,h_996,al_c,q_85,usm_0.66_1.00_0.01/3c76e2_d562073ad7664802af1eba3b1ee04319_mv2.jpg]
[static.wixstatic.com/media/3c76e2_d562073ad7664802af1eba3b1ee04319_mv2.jpg/v1/fill/w_498,h_498,al_c,q_50,usm_0.66_1.00_0.01/3c76e2_d562073ad7664802af1eba3b1ee04319_mv2.jpg]
[static.wixstatic.com/media/3c76e2_e8498de77aaf451fbc79a0206b4e30c0_mv2.jpg/v1/fill/w_996,h_996,al_c,q_85,usm_0.66_1.00_0.01/3c76e2_e8498de77aaf451fbc79a0206b4e30c0_mv2.jpg]
[static.wixstatic.com/media/3c76e2_d562073ad7664802af1eba3b1ee04319_mv2.jpg/v1/fill/w_45,h_45,al_c,q_50,usm_0.66_1.00_0.01/3c76e2_d562073ad7664802af1eba3b1ee04319_mv2.jpg]
[static.wixstatic.com/media/3c76e2_e8498de77aaf451fbc79a0206b4e30c0_mv2.jpg/v1/fill/w_45,h_45,al_c,q_50,usm_0.66_1.00_0.01/3c76e2_e8498de77aaf451fbc79a0206b4e30c0_mv2.jpg]
[anisholi50.wixsite.com/anish-oli/product-page/i-m-a-product-8.html]
[static.wixstatic.com/media/3c76e2_353bb5a3f3c1477dbb738c915538ccc4_mv2.jpg/v1/fill/w_996,h_996,al_c,q_85,usm_0.66_1.00_0.01/3c76e2_353bb5a3f3c1477dbb738c915538ccc4_mv2.jpg]
[static.wixstatic.com/media/3c76e2_353bb5a3f3c1477dbb738c915538ccc4_mv2.jpg/v1/fill/w_498,h_498,al_c,q_50,usm_0.66_1.00_0.01/3c76e2_353bb5a3f3c1477dbb738c915538ccc4_mv2.jpg]
[static.wixstatic.com/media/3c76e2_1472f3e926b246c9b72287ba37d441f2_mv2.jpg/v1/fill/w_996,h_996,al_c,q_85,usm_0.66_1.00_0.01/3c76e2_1472f3e926b246c9b72287ba37d441f2_mv2.jpg]
[static.wixstatic.com/media/3c76e2_353bb5a3f3c1477dbb738c915538ccc4_mv2.jpg/v1/fill/w_45,h_45,al_c,q_50,usm_0.66_1.00_0.01/3c76e2_353bb5a3f3c1477dbb738c915538ccc4_mv2.jpg]
[static.wixstatic.com/media/3c76e2_1472f3e926b246c9b72287ba37d441f2_mv2.jpg/v1/fill/w_45,h_45,al_c,q_50,usm_0.66_1.00_0.01/3c76e2_1472f3e926b246c9b72287ba37d441f2_mv2.jpg]
[anisholi50.wixsite.com/anish-oli/product-page/i-m-a-product-9.html]
[static.wixstatic.com/media/3c76e2_a8b6824436a440cf8efdac5a04f2198b_mv2.jpg/v1/fill/w_996,h_996,al_c,q_85,usm_0.66_1.00_0.01/3c76e2_a8b6824436a440cf8efdac5a04f2198b_mv2.jpg]
[static.wixstatic.com/media/3c76e2_a8b6824436a440cf8efdac5a04f2198b_mv2.jpg/v1/fill/w_498,h_498,al_c,q_50,usm_0.66_1.00_0.01/3c76e2_a8b6824436a440cf8efdac5a04f2198b_mv2.jpg]
[static.wixstatic.com/media/3c76e2_46585c7ac5ee4a3a863358a74acaf444_mv2.jpg/v1/fill/w_996,h_996,al_c,q_85,usm_0.66_1.00_0.01/3c76e2_46585c7ac5ee4a3a863358a74acaf444_mv2.jpg]
[static.wixstatic.com/media/3c76e2_a8b6824436a440cf8efdac5a04f2198b_mv2.jpg/v1/fill/w_45,h_45,al_c,q_50,usm_0.66_1.00_0.01/3c76e2_a8b6824436a440cf8efdac5a04f2198b_mv2.jpg]
[static.wixstatic.com/media/3c76e2_46585c7ac5ee4a3a863358a74acaf444_mv2.jpg/v1/fill/w_45,h_45,al_c,q_50,usm_0.66_1.00_0.01/3c76e2_46585c7ac5ee4a3a863358a74acaf444_mv2.jpg]
[anisholi50.wixsite.com/anish-oli/product-page/i-m-a-product-10.html]
[static.wixstatic.com/media/3c76e2_e27562bc6b104ce384f64131930783cd_mv2.jpg/v1/fill/w_996,h_996,al_c,q_85,usm_0.66_1.00_0.01/3c76e2_e27562bc6b104ce384f64131930783cd_mv2.jpg]
[static.wixstatic.com/media/3c76e2_e27562bc6b104ce384f64131930783cd_mv2.jpg/v1/fill/w_498,h_498,al_c,q_50,usm_0.66_1.00_0.01/3c76e2_e27562bc6b104ce384f64131930783cd_mv2.jpg]
[static.wixstatic.com/media/3c76e2_e0a383b54c6a44c9ab9930a22ec33f07_mv2.jpg/v1/fill/w_996,h_996,al_c,q_85,usm_0.66_1.00_0.01/3c76e2_e0a383b54c6a44c9ab9930a22ec33f07_mv2.jpg]
[static.wixstatic.com/media/3c76e2_e27562bc6b104ce384f64131930783cd_mv2.jpg/v1/fill/w_45,h_45,al_c,q_50,usm_0.66_1.00_0.01/3c76e2_e27562bc6b104ce384f64131930783cd_mv2.jpg]
[static.wixstatic.com/media/3c76e2_e0a383b54c6a44c9ab9930a22ec33f07_mv2.jpg/v1/fill/w_45,h_45,al_c,q_50,usm_0.66_1.00_0.01/3c76e2_e0a383b54c6a44c9ab9930a22ec33f07_mv2.jpg]
[anisholi50.wixsite.com/anish-oli/product-page/i-m-a-product-11.html]
[anisholi50.wixsite.com/_https_/images-vod.wixmp.com/d0220cbc-4355-4bc0-8ebe-53e9ab8843ba/images/c379a7f4f6984160812510e934ae94e5_mv2/v1/fill/w_940,h_529,q_85,usm_0.66_1.00_0.01/file.html]
[anisholi50.wixsite.com/anish-oli/product-page/decodeURIComponent(e.html]
[anisholi50.wixsite.com/anish-oli/product-page/robots.html]
[anisholi50.wixsite.com/anish-oli/product-page/sitemap.html]
[anisholi50.wixsite.com/anish-oli/product-page/feed.html]
[anisholi50.wixsite.com/anish-oli/_https_/images-vod.wixmp.com/d0220cbc-4355-4bc0-8ebe-53e9ab8843ba/images/19562cc5f5874d7693c4fad0af46db12_mv2/v1/fill/w_940,h_529,q_85,usm_0.66_1.00_0.01/file.97.delayed]
[anisholi50.wixsite.com/anish-oli/_https_/images-vod.wixmp.com/d0220cbc-4355-4bc0-8ebe-53e9ab8843ba/images/c379a7f4f6984160812510e934ae94e5_mv2/v1/fill/w_307,h_173,q_85,usm_0.66_1.00_0.01/file.99.delayed]
[anisholi50.wixsite.com/anish-oli/_https_/images-vod.wixmp.com/d0220cbc-4355-4bc0-8ebe-53e9ab8843ba/images/3f06dfa2780e4a7c9c482173aa5fc3d2_mv2/v1/fill/w_307,h_173,q_85,usm_0.66_1.00_0.01/file.jpg_]
[anisholi50.wixsite.com/anish-oli/blank7907.html]
[anisholi50.wixsite.com/anish-oli/_https_/images-vod.wixmp.com/d0220cbc-4355-4bc0-8ebe-53e9ab8843ba/images/29ef74e2f66a484d98e30a79bd0edf8e_mv2/v1/fill/w_307,h_173,q_85,usm_0.66_1.00_0.01/file.jpg_]
[anisholi50.wixsite.com/anish-oli/blank.html]
[anisholi50.wixsite.com/anish-oli/_https_/images-vod.wixmp.com/d0220cbc-4355-4bc0-8ebe-53e9ab8843ba/images/19562cc5f5874d7693c4fad0af46db12_mv2/v1/fill/w_940,h_529,q_85,usm_0.66_1.00_0.01/file.html]
[anisholi50.wixsite.com/anish-oli/_https_/images-vod.wixmp.com/d0220cbc-4355-4bc0-8ebe-53e9ab8843ba/images/c379a7f4f6984160812510e934ae94e5_mv2/v1/fill/w_940,h_529,q_85,usm_0.66_1.00_0.01/file.jpg_]
[anisholi50.wixsite.com/anish-oli/blank7907.html]
[anisholi50.wixsite.com/anish-oli/_https_/images-vod.wixmp.com/d0220cbc-4355-4bc0-8ebe-53e9ab8843ba/images/c379a7f4f6984160812510e934ae94e5_mv2/v1/fill/w_307,h_173,q_85,usm_0.66_1.00_0.01/file.html]
[anisholi50.wixsite.com/anish-oli/_https_/images-vod.wixmp.com/d0220cbc-4355-4bc0-8ebe-53e9ab8843ba/images/3f06dfa2780e4a7c9c482173aa5fc3d2_mv2/v1/fill/w_307,h_173,q_85,usm_0.66_1.00_0.01/file.html]
[anisholi50.wixsite.com/anish-oli/_https_/images-vod.wixmp.com/d0220cbc-4355-4bc0-8ebe-53e9ab8843ba/images/29ef74e2f66a484d98e30a79bd0edf8e_mv2/v1/fill/w_307,h_173,q_85,usm_0.66_1.00_0.01/file.html]
[anisholi50.wixsite.com/anish-oli/_https_/images-vod.wixmp.com/d0220cbc-4355-4bc0-8ebe-53e9ab8843ba/images/c379a7f4f6984160812510e934ae94e5_mv2/v1/fill/w_940,h_529,q_85,usm_0.66_1.00_0.01/file.html]
